-------------------------------------------------------------------------------
Test set: com.example.demo.DemoApplicationTests
-------------------------------------------------------------------------------
Tests run: 1, Failures: 0, Errors: 1, Skipped: 0, Time elapsed: 2.067 s <<< FAILURE! - in com.example.demo.DemoApplicationTests
contextLoads  Time elapsed: 0.013 s  <<< ERROR!
java.lang.IllegalStateException: Failed to load ApplicationContext
Caused by: org.springframework.beans.factory.UnsatisfiedDependencyException: Error creating bean with name 'userController': Unsatisfied dependency expressed through field 'userService'; nested exception is org.springframework.beans.factory.UnsatisfiedDependencyException: Error creating bean with name 'npandUserServiceImpl': Unsatisfied dependency expressed through field 'nativePlaceRepository'; nested exception is org.springframework.beans.factory.BeanCreationException: Error creating bean with name 'nativePlaceRepository' defined in com.example.demo.repository.NativePlaceRepository defined in @EnableJpaRepositories declared on JpaRepositoriesRegistrar.EnableJpaRepositoriesConfiguration: Invocation of init method failed; nested exception is org.springframework.data.repository.query.QueryCreationException: Could not create query for public abstract int com.example.demo.repository.NativePlaceRepository.insertausertoplace(java.lang.String); Reason: Validation failed for query for method public abstract int com.example.demo.repository.NativePlaceRepository.insertausertoplace(java.lang.String)!; nested exception is java.lang.IllegalArgumentException: Validation failed for query for method public abstract int com.example.demo.repository.NativePlaceRepository.insertausertoplace(java.lang.String)!
Caused by: org.springframework.beans.factory.UnsatisfiedDependencyException: Error creating bean with name 'npandUserServiceImpl': Unsatisfied dependency expressed through field 'nativePlaceRepository'; nested exception is org.springframework.beans.factory.BeanCreationException: Error creating bean with name 'nativePlaceRepository' defined in com.example.demo.repository.NativePlaceRepository defined in @EnableJpaRepositories declared on JpaRepositoriesRegistrar.EnableJpaRepositoriesConfiguration: Invocation of init method failed; nested exception is org.springframework.data.repository.query.QueryCreationException: Could not create query for public abstract int com.example.demo.repository.NativePlaceRepository.insertausertoplace(java.lang.String); Reason: Validation failed for query for method public abstract int com.example.demo.repository.NativePlaceRepository.insertausertoplace(java.lang.String)!; nested exception is java.lang.IllegalArgumentException: Validation failed for query for method public abstract int com.example.demo.repository.NativePlaceRepository.insertausertoplace(java.lang.String)!
Caused by: org.springframework.beans.factory.BeanCreationException: Error creating bean with name 'nativePlaceRepository' defined in com.example.demo.repository.NativePlaceRepository defined in @EnableJpaRepositories declared on JpaRepositoriesRegistrar.EnableJpaRepositoriesConfiguration: Invocation of init method failed; nested exception is org.springframework.data.repository.query.QueryCreationException: Could not create query for public abstract int com.example.demo.repository.NativePlaceRepository.insertausertoplace(java.lang.String); Reason: Validation failed for query for method public abstract int com.example.demo.repository.NativePlaceRepository.insertausertoplace(java.lang.String)!; nested exception is java.lang.IllegalArgumentException: Validation failed for query for method public abstract int com.example.demo.repository.NativePlaceRepository.insertausertoplace(java.lang.String)!
Caused by: org.springframework.data.repository.query.QueryCreationException: Could not create query for public abstract int com.example.demo.repository.NativePlaceRepository.insertausertoplace(java.lang.String); Reason: Validation failed for query for method public abstract int com.example.demo.repository.NativePlaceRepository.insertausertoplace(java.lang.String)!; nested exception is java.lang.IllegalArgumentException: Validation failed for query for method public abstract int com.example.demo.repository.NativePlaceRepository.insertausertoplace(java.lang.String)!
Caused by: java.lang.IllegalArgumentException: Validation failed for query for method public abstract int com.example.demo.repository.NativePlaceRepository.insertausertoplace(java.lang.String)!
Caused by: java.lang.IllegalArgumentException: org.hibernate.hql.internal.ast.QuerySyntaxException: expecting EQ, found 'where' near line 1, column 50 [update com.example.demo.entity.NativePlace set a where a.nativeplace=?1]
Caused by: org.hibernate.hql.internal.ast.QuerySyntaxException: expecting EQ, found 'where' near line 1, column 50 [update com.example.demo.entity.NativePlace set a where a.nativeplace=?1]

